This is pdfTeX, Version 3.14159265-2.6-1.40.21 (MiKTeX 21.1) (preloaded format=pdflatex 2021.2.19)  3 JUL 2021 18:13
entering extended mode
**./manuscript.tex
(manuscript.tex
LaTeX2e <2020-10-01> patch level 4
L3 programming layer <2021-01-09> xparse <2020-03-03>
(C:\Users\Caforestti\AppData\Local\Programs\MiKTeX\tex/latex/base\report.cls
Document Class: report 2020/04/10 v1.4m Standard LaTeX document class
(C:\Users\Caforestti\AppData\Local\Programs\MiKTeX\tex/latex/base\size12.clo
File: size12.clo 2020/04/10 v1.4m Standard LaTeX file (size option)
)
\c@part=\count177
\c@chapter=\count178
\c@section=\count179
\c@subsection=\count180
\c@subsubsection=\count181
\c@paragraph=\count182
\c@subparagraph=\count183
\c@figure=\count184
\c@table=\count185
\abovecaptionskip=\skip47
\belowcaptionskip=\skip48
\bibindent=\dimen138
)
(C:\Users\Caforestti\AppData\Local\Programs\MiKTeX\tex/latex/base\inputenc.sty
Package: inputenc 2020/08/01 v1.3d Input encoding file
\inpenc@prehook=\toks15
\inpenc@posthook=\toks16
) (C:\Users\Caforestti\AppData\Local\Programs\MiKTeX\tex/latex/natbib\natbib.st
y
Package: natbib 2010/09/13 8.31b (PWD, AO)
\bibhang=\skip49
\bibsep=\skip50
LaTeX Info: Redefining \cite on input line 694.
\c@NAT@ctr=\count186
)
(C:\Users\Caforestti\AppData\Local\Programs\MiKTeX\tex/generic/babel\babel.sty
Package: babel 2020/12/16 3.52 The Babel package

(C:\Users\Caforestti\AppData\Local\Programs\MiKTeX\tex/generic/babel\babel.def
File: babel.def 2020/12/16 3.52 Babel common definitions
\babel@savecnt=\count187
\U@D=\dimen139
\l@babelnohyphens=\language79

(C:\Users\Caforestti\AppData\Local\Programs\MiKTeX\tex/generic/babel\txtbabel.d
ef)
\bbl@readstream=\read2
)
\bbl@dirlevel=\count188

*************************************
* Local config file bblopts.cfg used
*
(C:\Users\Caforestti\AppData\Local\Programs\MiKTeX\tex/latex/arabi\bblopts.cfg
File: bblopts.cfg 2005/09/08 v0.1 add Arabic and Farsi to "declared" options of
 babel
)
(C:\Users\Caforestti\AppData\Local\Programs\MiKTeX\tex/generic/babel-french\fre
nch.ldf
Language: french 2020/10/10 v3.5l French support from the babel system
Package babel Info: \l@acadian = using hyphenrules for french
(babel)             (\language22) on input line 91.
Package babel Info: \l@canadien = using hyphenrules for french
(babel)             (\language22) on input line 92.
\FB@nonchar=\count189
Package babel Info: Making : an active character on input line 430.
Package babel Info: Making ; an active character on input line 431.
Package babel Info: Making ! an active character on input line 432.
Package babel Info: Making ? an active character on input line 433.
\FBguill@level=\count190
\FBold@everypar=\toks17
\FB@Mht=\dimen140
\mc@charclass=\count191
\mc@charfam=\count192
\mc@charslot=\count193
\std@mcc=\count194
\dec@mcc=\count195
\listindentFB=\dimen141
\descindentFB=\dimen142
\labelindentFB=\dimen143
\labelwidthFB=\dimen144
\leftmarginFB=\dimen145
\parindentFFN=\dimen146
\FBfnindent=\dimen147
))
(C:\Users\Caforestti\AppData\Local\Programs\MiKTeX\tex/latex/carlisle\scalefnt.
sty)
(C:\Users\Caforestti\AppData\Local\Programs\MiKTeX\tex/latex/graphics\keyval.st
y
Package: keyval 2014/10/28 v1.15 key=value parser (DPC)
\KV@toks@=\toks18
)
(C:\Users\Caforestti\AppData\Local\Programs\MiKTeX\tex/latex/appendix\appendix.
sty
Package: appendix 2020/02/08 v1.2c extra appendix facilities
\c@@pps=\count196
\c@@ppsavesec=\count197
\c@@ppsaveapp=\count198
)
(C:\Users\Caforestti\AppData\Local\Programs\MiKTeX\tex/latex/cite\chapterbib.st
y
\c@inputfile=\count199
Package: chapterbib 2010/09/18  v 1.17
) (C:\Users\Caforestti\AppData\Local\Programs\MiKTeX\tex/latex/url\url.sty
\Urlmuskip=\muskip16
Package: url 2013/09/16  ver 3.4  Verb mode for urls, etc.
)
(C:\Users\Caforestti\AppData\Local\Programs\MiKTeX\tex/latex/amsmath\amsmath.st
y
Package: amsmath 2020/09/23 v2.17i AMS math features
\@mathmargin=\skip51

For additional information on amsmath, use the `?' option.

(C:\Users\Caforestti\AppData\Local\Programs\MiKTeX\tex/latex/amsmath\amstext.st
y
Package: amstext 2000/06/29 v2.01 AMS text

(C:\Users\Caforestti\AppData\Local\Programs\MiKTeX\tex/latex/amsmath\amsgen.sty
File: amsgen.sty 1999/11/30 v2.0 generic functions
\@emptytoks=\toks19
\ex@=\dimen148
))
(C:\Users\Caforestti\AppData\Local\Programs\MiKTeX\tex/latex/amsmath\amsbsy.sty
Package: amsbsy 1999/11/29 v1.2d Bold Symbols
\pmbraise@=\dimen149
)
(C:\Users\Caforestti\AppData\Local\Programs\MiKTeX\tex/latex/amsmath\amsopn.sty
Package: amsopn 2016/03/08 v2.02 operator names
)
\inf@bad=\count266
LaTeX Info: Redefining \frac on input line 234.
\uproot@=\count267
\leftroot@=\count268
LaTeX Info: Redefining \overline on input line 399.
\classnum@=\count269
\DOTSCASE@=\count270
LaTeX Info: Redefining \ldots on input line 496.
LaTeX Info: Redefining \dots on input line 499.
LaTeX Info: Redefining \cdots on input line 620.
\Mathstrutbox@=\box47
\strutbox@=\box48
\big@size=\dimen150
LaTeX Font Info:    Redeclaring font encoding OML on input line 743.
LaTeX Font Info:    Redeclaring font encoding OMS on input line 744.
\macc@depth=\count271
\c@MaxMatrixCols=\count272
\dotsspace@=\muskip17
\c@parentequation=\count273
\dspbrk@lvl=\count274
\tag@help=\toks20
\row@=\count275
\column@=\count276
\maxfields@=\count277
\andhelp@=\toks21
\eqnshift@=\dimen151
\alignsep@=\dimen152
\tagshift@=\dimen153
\tagwidth@=\dimen154
\totwidth@=\dimen155
\lineht@=\dimen156
\@envbody=\toks22
\multlinegap=\skip52
\multlinetaggap=\skip53
\mathdisplay@stack=\toks23
LaTeX Info: Redefining \[ on input line 2923.
LaTeX Info: Redefining \] on input line 2924.
)
(C:\Users\Caforestti\AppData\Local\Programs\MiKTeX\tex/latex/graphics\graphicx.
sty
Package: graphicx 2020/09/09 v1.2b Enhanced LaTeX Graphics (DPC,SPQR)

(C:\Users\Caforestti\AppData\Local\Programs\MiKTeX\tex/latex/graphics\graphics.
sty
Package: graphics 2020/08/30 v1.4c Standard LaTeX Graphics (DPC,SPQR)

(C:\Users\Caforestti\AppData\Local\Programs\MiKTeX\tex/latex/graphics\trig.sty
Package: trig 2016/01/03 v1.10 sin cos tan (DPC)
)
(C:\Users\Caforestti\AppData\Local\Programs\MiKTeX\tex/latex/graphics-cfg\graph
ics.cfg
File: graphics.cfg 2016/06/04 v1.11 sample graphics configuration
)
Package graphics Info: Driver file: pdftex.def on input line 105.

(C:\Users\Caforestti\AppData\Local\Programs\MiKTeX\tex/latex/graphics-def\pdfte
x.def
File: pdftex.def 2020/10/05 v1.2a Graphics/color driver for pdftex
))
\Gin@req@height=\dimen157
\Gin@req@width=\dimen158
)
(C:\Users\Caforestti\AppData\Local\Programs\MiKTeX\tex/latex/fancyhdr\fancyhdr.
sty
Package: fancyhdr 2021/01/28 v4.0.1 Extensive control of page headers and foote
rs
\f@nch@headwidth=\skip54
\f@nch@O@elh=\skip55
\f@nch@O@erh=\skip56
\f@nch@O@olh=\skip57
\f@nch@O@orh=\skip58
\f@nch@O@elf=\skip59
\f@nch@O@erf=\skip60
\f@nch@O@olf=\skip61
\f@nch@O@orf=\skip62
)
(C:\Users\Caforestti\AppData\Local\Programs\MiKTeX\tex/latex/lm\lmodern.sty
Package: lmodern 2009/10/30 v1.6 Latin Modern Fonts
LaTeX Font Info:    Overwriting symbol font `operators' in version `normal'
(Font)                  OT1/cmr/m/n --> OT1/lmr/m/n on input line 22.
LaTeX Font Info:    Overwriting symbol font `letters' in version `normal'
(Font)                  OML/cmm/m/it --> OML/lmm/m/it on input line 23.
LaTeX Font Info:    Overwriting symbol font `symbols' in version `normal'
(Font)                  OMS/cmsy/m/n --> OMS/lmsy/m/n on input line 24.
LaTeX Font Info:    Overwriting symbol font `largesymbols' in version `normal'
(Font)                  OMX/cmex/m/n --> OMX/lmex/m/n on input line 25.
LaTeX Font Info:    Overwriting symbol font `operators' in version `bold'
(Font)                  OT1/cmr/bx/n --> OT1/lmr/bx/n on input line 26.
LaTeX Font Info:    Overwriting symbol font `letters' in version `bold'
(Font)                  OML/cmm/b/it --> OML/lmm/b/it on input line 27.
LaTeX Font Info:    Overwriting symbol font `symbols' in version `bold'
(Font)                  OMS/cmsy/b/n --> OMS/lmsy/b/n on input line 28.
LaTeX Font Info:    Overwriting symbol font `largesymbols' in version `bold'
(Font)                  OMX/cmex/m/n --> OMX/lmex/m/n on input line 29.
LaTeX Font Info:    Overwriting math alphabet `\mathbf' in version `normal'
(Font)                  OT1/cmr/bx/n --> OT1/lmr/bx/n on input line 31.
LaTeX Font Info:    Overwriting math alphabet `\mathsf' in version `normal'
(Font)                  OT1/cmss/m/n --> OT1/lmss/m/n on input line 32.
LaTeX Font Info:    Overwriting math alphabet `\mathit' in version `normal'
(Font)                  OT1/cmr/m/it --> OT1/lmr/m/it on input line 33.
LaTeX Font Info:    Overwriting math alphabet `\mathtt' in version `normal'
(Font)                  OT1/cmtt/m/n --> OT1/lmtt/m/n on input line 34.
LaTeX Font Info:    Overwriting math alphabet `\mathbf' in version `bold'
(Font)                  OT1/cmr/bx/n --> OT1/lmr/bx/n on input line 35.
LaTeX Font Info:    Overwriting math alphabet `\mathsf' in version `bold'
(Font)                  OT1/cmss/bx/n --> OT1/lmss/bx/n on input line 36.
LaTeX Font Info:    Overwriting math alphabet `\mathit' in version `bold'
(Font)                  OT1/cmr/bx/it --> OT1/lmr/bx/it on input line 37.
LaTeX Font Info:    Overwriting math alphabet `\mathtt' in version `bold'
(Font)                  OT1/cmtt/m/n --> OT1/lmtt/m/n on input line 38.
)
(C:\Users\Caforestti\AppData\Local\Programs\MiKTeX\tex/latex/vmargin\vmargin.st
y
Package: vmargin 2004/07/15 V2.5 set document margins (VK)

Package: vmargin 2004/07/15 V2.5 set document margins (VK)
\PaperWidth=\dimen159
\PaperHeight=\dimen160
) (C:\Users\Caforestti\AppData\Local\Programs\MiKTeX\tex/latex/base\fontenc.sty
Package: fontenc 2020/08/10 v2.0s Standard LaTeX package
LaTeX Font Info:    Trying to load font information for T1+lmr on input line 11
2.
(C:\Users\Caforestti\AppData\Local\Programs\MiKTeX\tex/latex/lm\t1lmr.fd
File: t1lmr.fd 2009/10/30 v1.6 Font defs for Latin Modern
))
(C:\Users\Caforestti\AppData\Local\Programs\MiKTeX\tex/latex/float\float.sty
Package: float 2001/11/08 v1.3d Float enhancements (AL)
\c@float@type=\count278
\float@exts=\toks24
\float@box=\box49
\@float@everytoks=\toks25
\@floatcapt=\box50
)
(C:\Users\Caforestti\AppData\Local\Programs\MiKTeX\tex/latex/xcolor\xcolor.sty
Package: xcolor 2016/05/11 v2.12 LaTeX color extensions (UK)

(C:\Users\Caforestti\AppData\Local\Programs\MiKTeX\tex/latex/graphics-cfg\color
.cfg
File: color.cfg 2016/01/02 v1.6 sample color configuration
)
Package xcolor Info: Driver file: pdftex.def on input line 225.

(C:\Users\Caforestti\AppData\Local\Programs\MiKTeX\tex/latex/colortbl\colortbl.
sty
Package: colortbl 2020/01/04 v1.0e Color table columns (DPC)

(C:\Users\Caforestti\AppData\Local\Programs\MiKTeX\tex/latex/latex-tools\array.
sty
Package: array 2020/10/01 v2.5c Tabular extension package (FMi)
\col@sep=\dimen161
\ar@mcellbox=\box51
\extrarowheight=\dimen162
\NC@list=\toks26
\extratabsurround=\skip63
\backup@length=\skip64
\ar@cellbox=\box52
)
\everycr=\toks27
\minrowclearance=\skip65
)
\rownum=\count279
Package xcolor Info: Model `cmy' substituted by `cmy0' on input line 1348.
Package xcolor Info: Model `hsb' substituted by `rgb' on input line 1352.
Package xcolor Info: Model `RGB' extended on input line 1364.
Package xcolor Info: Model `HTML' substituted by `rgb' on input line 1366.
Package xcolor Info: Model `Hsb' substituted by `hsb' on input line 1367.
Package xcolor Info: Model `tHsb' substituted by `hsb' on input line 1368.
Package xcolor Info: Model `HSB' substituted by `hsb' on input line 1369.
Package xcolor Info: Model `Gray' substituted by `gray' on input line 1370.
Package xcolor Info: Model `wave' substituted by `hsb' on input line 1371.
)
(C:\Users\Caforestti\AppData\Local\Programs\MiKTeX\tex/latex/caption\caption.st
y
Package: caption 2020/10/26 v3.5g Customizing captions (AR)

(C:\Users\Caforestti\AppData\Local\Programs\MiKTeX\tex/latex/caption\caption3.s
ty
Package: caption3 2020/10/21 v2.2e caption3 kernel (AR)
\captionmargin=\dimen163
\captionmargin@=\dimen164
\captionwidth=\dimen165
\caption@tempdima=\dimen166
\caption@indent=\dimen167
\caption@parindent=\dimen168
\caption@hangindent=\dimen169
Package caption Info: Standard document class detected.
Package caption Info: french babel package is loaded.
)
\c@caption@flags=\count280
\c@continuedfloat=\count281
Package caption Info: float package is loaded.
)
(C:\Users\Caforestti\AppData\Local\Programs\MiKTeX\tex/latex/hyperref\hyperref.
sty
Package: hyperref 2020-05-15 v7.00e Hypertext links for LaTeX

(C:\Users\Caforestti\AppData\Local\Programs\MiKTeX\tex/generic/ltxcmds\ltxcmds.
sty
Package: ltxcmds 2020-05-10 v1.25 LaTeX kernel commands for general use (HO)
)
(C:\Users\Caforestti\AppData\Local\Programs\MiKTeX\tex/generic/iftex\iftex.sty
Package: iftex 2020/03/06 v1.0d TeX engine tests
)
(C:\Users\Caforestti\AppData\Local\Programs\MiKTeX\tex/generic/pdftexcmds\pdfte
xcmds.sty
Package: pdftexcmds 2020-06-27 v0.33 Utility functions of pdfTeX for LuaTeX (HO
)

(C:\Users\Caforestti\AppData\Local\Programs\MiKTeX\tex/generic/infwarerr\infwar
err.sty
Package: infwarerr 2019/12/03 v1.5 Providing info/warning/error messages (HO)
)
Package pdftexcmds Info: \pdf@primitive is available.
Package pdftexcmds Info: \pdf@ifprimitive is available.
Package pdftexcmds Info: \pdfdraftmode found.
)
(C:\Users\Caforestti\AppData\Local\Programs\MiKTeX\tex/generic/kvsetkeys\kvsetk
eys.sty
Package: kvsetkeys 2019/12/15 v1.18 Key value parser (HO)
)
(C:\Users\Caforestti\AppData\Local\Programs\MiKTeX\tex/generic/kvdefinekeys\kvd
efinekeys.sty
Package: kvdefinekeys 2019-12-19 v1.6 Define keys (HO)
)
(C:\Users\Caforestti\AppData\Local\Programs\MiKTeX\tex/generic/pdfescape\pdfesc
ape.sty
Package: pdfescape 2019/12/09 v1.15 Implements pdfTeX's escape features (HO)
)
(C:\Users\Caforestti\AppData\Local\Programs\MiKTeX\tex/latex/hycolor\hycolor.st
y
Package: hycolor 2020-01-27 v1.10 Color options for hyperref/bookmark (HO)
)
(C:\Users\Caforestti\AppData\Local\Programs\MiKTeX\tex/latex/letltxmacro\letltx
macro.sty
Package: letltxmacro 2019/12/03 v1.6 Let assignment for LaTeX macros (HO)
)
(C:\Users\Caforestti\AppData\Local\Programs\MiKTeX\tex/latex/auxhook\auxhook.st
y
Package: auxhook 2019-12-17 v1.6 Hooks for auxiliary files (HO)
)
(C:\Users\Caforestti\AppData\Local\Programs\MiKTeX\tex/latex/kvoptions\kvoption
s.sty
Package: kvoptions 2020-10-07 v3.14 Key value format for package options (HO)
)
\@linkdim=\dimen170
\Hy@linkcounter=\count282
\Hy@pagecounter=\count283

(C:\Users\Caforestti\AppData\Local\Programs\MiKTeX\tex/latex/hyperref\pd1enc.de
f
File: pd1enc.def 2020-05-15 v7.00e Hyperref: PDFDocEncoding definition (HO)
Now handling font encoding PD1 ...
... no UTF-8 mapping file for font encoding PD1
)
(C:\Users\Caforestti\AppData\Local\Programs\MiKTeX\tex/generic/intcalc\intcalc.
sty
Package: intcalc 2019/12/15 v1.3 Expandable calculations with integers (HO)
)
(C:\Users\Caforestti\AppData\Local\Programs\MiKTeX\tex/generic/etexcmds\etexcmd
s.sty
Package: etexcmds 2019/12/15 v1.7 Avoid name clashes with e-TeX commands (HO)
)
\Hy@SavedSpaceFactor=\count284
Package hyperref Info: Hyper figures OFF on input line 4464.
Package hyperref Info: Link nesting OFF on input line 4469.
Package hyperref Info: Hyper index ON on input line 4472.
Package hyperref Info: Plain pages OFF on input line 4479.
Package hyperref Info: Backreferencing OFF on input line 4484.
Package hyperref Info: Implicit mode ON; LaTeX internals redefined.
Package hyperref Info: Bookmarks ON on input line 4717.
\c@Hy@tempcnt=\count285
LaTeX Info: Redefining \url on input line 5076.
\XeTeXLinkMargin=\dimen171

(C:\Users\Caforestti\AppData\Local\Programs\MiKTeX\tex/generic/bitset\bitset.st
y
Package: bitset 2019/12/09 v1.3 Handle bit-vector datatype (HO)

(C:\Users\Caforestti\AppData\Local\Programs\MiKTeX\tex/generic/bigintcalc\bigin
tcalc.sty
Package: bigintcalc 2019/12/15 v1.5 Expandable calculations on big integers (HO
)
))
\Fld@menulength=\count286
\Field@Width=\dimen172
\Fld@charsize=\dimen173
Package hyperref Info: Hyper figures OFF on input line 6347.
Package hyperref Info: Link nesting OFF on input line 6352.
Package hyperref Info: Hyper index ON on input line 6355.
Package hyperref Info: backreferencing OFF on input line 6362.
Package hyperref Info: Link coloring OFF on input line 6367.
Package hyperref Info: Link coloring with OCG OFF on input line 6372.
Package hyperref Info: PDF/A mode OFF on input line 6377.
LaTeX Info: Redefining \ref on input line 6417.
LaTeX Info: Redefining \pageref on input line 6421.

(C:\Users\Caforestti\AppData\Local\Programs\MiKTeX\tex/latex/base\atbegshi-ltx.
sty
Package: atbegshi-ltx 2020/08/17 v1.0a Emulation of the original atbegshi packa
ge
with kernel methods
)
\Hy@abspage=\count287
\c@Item=\count288
\c@Hfootnote=\count289
)
Package hyperref Info: Driver (autodetected): hpdftex.

(C:\Users\Caforestti\AppData\Local\Programs\MiKTeX\tex/latex/hyperref\hpdftex.d
ef
File: hpdftex.def 2020-05-15 v7.00e Hyperref driver for pdfTeX

(C:\Users\Caforestti\AppData\Local\Programs\MiKTeX\tex/latex/base\atveryend-ltx
.sty
Package: atveryend-ltx 2020/08/19 v1.0a Emulation of the original atvery packag
e
with kernel methods
)
\Fld@listcount=\count290
\c@bookmark@seq@number=\count291

(C:\Users\Caforestti\AppData\Local\Programs\MiKTeX\tex/latex/rerunfilecheck\rer
unfilecheck.sty
Package: rerunfilecheck 2019/12/05 v1.9 Rerun checks for auxiliary files (HO)

(C:\Users\Caforestti\AppData\Local\Programs\MiKTeX\tex/generic/uniquecounter\un
iquecounter.sty
Package: uniquecounter 2019/12/15 v1.4 Provide unlimited unique counter (HO)
)
Package uniquecounter Info: New unique counter `rerunfilecheck' on input line 2
86.
)
\Hy@SectionHShift=\skip66
)
(C:\Users\Caforestti\AppData\Local\Programs\MiKTeX\tex/latex/setspace\setspace.
sty
Package: setspace 2011/12/19 v6.7a set line spacing
)
(C:\Users\Caforestti\AppData\Local\Programs\MiKTeX\tex/latex/latex-tools\calc.s
ty
Package: calc 2017/05/25 v4.3 Infix arithmetic (KKT,FJ)
\calc@Acount=\count292
\calc@Bcount=\count293
\calc@Adimen=\dimen174
\calc@Bdimen=\dimen175
\calc@Askip=\skip67
\calc@Bskip=\skip68
LaTeX Info: Redefining \setlength on input line 80.
LaTeX Info: Redefining \addtolength on input line 81.
\calc@Ccount=\count294
\calc@Cskip=\skip69
)
(C:\Users\Caforestti\AppData\Local\Programs\MiKTeX\tex/latex/lipsum\lipsum.sty
(C:\Users\Caforestti\AppData\Local\Programs\MiKTeX\tex/latex/l3kernel\expl3.sty
Package: expl3 2021-01-09 L3 programming layer (loader) 

(C:\Users\Caforestti\AppData\Local\Programs\MiKTeX\tex/latex/l3backend\l3backen
d-pdftex.def
File: l3backend-pdftex.def 2021-01-09 L3 backend support: PDF output (pdfTeX)
\l__kernel_color_stack_int=\count295
\l__pdf_internal_box=\box53
))
(C:\Users\Caforestti\AppData\Local\Programs\MiKTeX\tex/latex/l3packages/xparse\
xparse.sty
Package: xparse 2020-10-27 L3 Experimental document command parser

(C:\Users\Caforestti\AppData\Local\Programs\MiKTeX\tex/latex/l3packages/xparse\
xparse-generic.tex))
Package: lipsum 2021-03-03 v2.3 150 paragraphs of Lorem Ipsum dummy text

(C:\Users\Caforestti\AppData\Local\Programs\MiKTeX\tex/latex/lipsum\lipsum.ltd.
tex
File: lipsum.ltd.tex 2021-03-03 v2.3 The Lorem ipsum dummy text
))
(C:\Users\Caforestti\AppData\Local\Programs\MiKTeX\tex/latex/enumitem\enumitem.
sty
Package: enumitem 2019/06/20 v3.9 Customized lists
\labelindent=\skip70
\enit@outerparindent=\dimen176
\enit@toks=\toks28
\enit@inbox=\box54
\enit@count@id=\count296
\enitdp@description=\count297
)
(C:\Users\Caforestti\AppData\Local\Programs\MiKTeX\tex/latex/graphics\rotating.
sty
Package: rotating 2016/08/11 v2.16d rotated objects in LaTeX

(C:\Users\Caforestti\AppData\Local\Programs\MiKTeX\tex/latex/base\ifthen.sty
Package: ifthen 2014/09/29 v1.1c Standard LaTeX ifthen package (DPC)
)
\c@r@tfl@t=\count298
\rotFPtop=\skip71
\rotFPbot=\skip72
\rot@float@box=\box55
\rot@mess@toks=\toks29
)
(C:\Users\Caforestti\AppData\Local\Programs\MiKTeX\tex/latex/was\gensymb.sty
Package: gensymb 2003/07/02 v1.0 (WaS)
)
(C:\Users\Caforestti\AppData\Local\Programs\MiKTeX\tex/latex/siunitx\siunitx.st
y
Package: siunitx 2021-04-17 v2.8e A comprehensive (SI) units package

(C:\Users\Caforestti\AppData\Local\Programs\MiKTeX\tex/latex/l3packages/l3keys2
e\l3keys2e.sty
Package: l3keys2e 2020-10-27 LaTeX2e option processing using LaTeX3 keys
)
\l__siunitx_tmp_box=\box56
\l__siunitx_tmp_dim=\dimen177
\l__siunitx_tmp_int=\count299
\l__siunitx_number_mantissa_length_int=\count300
\l__siunitx_number_uncert_length_int=\count301
\l__siunitx_round_int=\count302
\l__siunitx_process_decimal_int=\count303
\l__siunitx_process_uncertainty_int=\count304
\l__siunitx_process_fixed_int=\count305
\l__siunitx_process_integer_min_int=\count306
\l__siunitx_process_precision_int=\count307
\l__siunitx_group_min_int=\count308
\l__siunitx_angle_marker_box=\box57
\l__siunitx_angle_unit_box=\box58
\l__siunitx_angle_marker_dim=\dimen178
\l__siunitx_angle_unit_dim=\dimen179
\l__siunitx_unit_int=\count309
\l__siunitx_unit_denominator_int=\count310
\l__siunitx_unit_numerator_int=\count311
\l__siunitx_unit_prefix_int=\count312
\l__siunitx_unit_prefix_base_int=\count313
\l__siunitx_unit_prefix_gram_int=\count314
\l__siunitx_number_product_int=\count315
\c__siunitx_one_fill_skip=\skip73
\l__siunitx_table_unit_align_skip=\skip74
\l__siunitx_table_exponent_dim=\dimen180
\l__siunitx_table_integer_dim=\dimen181
\l__siunitx_table_mantissa_dim=\dimen182
\l__siunitx_table_marker_dim=\dimen183
\l__siunitx_table_result_dim=\dimen184
\l__siunitx_table_uncert_dim=\dimen185
\l__siunitx_table_fill_pre_dim=\dimen186
\l__siunitx_table_fill_post_dim=\dimen187
\l__siunitx_table_fill_mid_dim=\dimen188
\l__siunitx_table_pre_box=\box59
\l__siunitx_table_post_box=\box60
\l__siunitx_table_mantissa_box=\box61
\l__siunitx_table_result_box=\box62
\l__siunitx_table_number_align_skip=\skip75
\l__siunitx_table_text_align_skip=\skip76

(C:\Users\Caforestti\AppData\Local\Programs\MiKTeX\tex/latex/translator\transla
tor.sty
Package: translator 2020-08-03 v1.12c Easy translation of strings in LaTeX
))
(C:\Users\Caforestti\AppData\Local\Programs\MiKTeX\tex/latex/base\textcomp.sty
Package: textcomp 2020/02/02 v2.0n Standard LaTeX package
)
(C:\Users\Caforestti\AppData\Local\Programs\MiKTeX\tex/latex/csquotes\csquotes.
sty
Package: csquotes 2021-02-22 v5.2l context-sensitive quotations (JAW)

(C:\Users\Caforestti\AppData\Local\Programs\MiKTeX\tex/latex/etoolbox\etoolbox.
sty
Package: etoolbox 2020/10/05 v2.5k e-TeX tools for LaTeX (JAW)
\etb@tempcnta=\count316
)
\csq@reset=\count317
\csq@gtype=\count318
\csq@glevel=\count319
\csq@qlevel=\count320
\csq@maxlvl=\count321
\csq@tshold=\count322
\csq@ltx@everypar=\toks30

(C:\Users\Caforestti\AppData\Local\Programs\MiKTeX\tex/latex/csquotes\csquotes.
def
File: csquotes.def 2021-02-22 v5.2l csquotes generic definitions (JAW)
)
Package csquotes Info: Trying to load configuration file 'csquotes.cfg'...
Package csquotes Info: ... configuration file loaded successfully.

(C:\Users\Caforestti\AppData\Local\Programs\MiKTeX\tex/latex/csquotes\csquotes.
cfg
File: csquotes.cfg 
))
Package csquotes Info: Allocating character ".
Package csquotes Info: Checking for multilingual support...
Package csquotes Info: ... found 'babel' package.
Package csquotes Info: Adjusting default style.
Package csquotes Info: Redefining alias 'default' -> 'french'.
 (manuscript.aux

LaTeX Warning: Label `eq:Rt' multiply defined.


LaTeX Warning: Label `eq:E' multiply defined.


LaTeX Warning: Label `eq:Epn' multiply defined.


LaTeX Warning: Label `EU' multiply defined.


LaTeX Warning: Label `eq:EF2' multiply defined.

)
\openout1 = `manuscript.aux'.

LaTeX Font Info:    Checking defaults for OML/cmm/m/it on input line 40.
LaTeX Font Info:    ... okay on input line 40.
LaTeX Font Info:    Checking defaults for OMS/cmsy/m/n on input line 40.
LaTeX Font Info:    ... okay on input line 40.
LaTeX Font Info:    Checking defaults for OT1/cmr/m/n on input line 40.
LaTeX Font Info:    ... okay on input line 40.
LaTeX Font Info:    Checking defaults for T1/cmr/m/n on input line 40.
LaTeX Font Info:    ... okay on input line 40.
LaTeX Font Info:    Checking defaults for TS1/cmr/m/n on input line 40.
LaTeX Font Info:    ... okay on input line 40.
LaTeX Font Info:    Checking defaults for OMX/cmex/m/n on input line 40.
LaTeX Font Info:    ... okay on input line 40.
LaTeX Font Info:    Checking defaults for U/cmr/m/n on input line 40.
LaTeX Font Info:    ... okay on input line 40.
LaTeX Font Info:    Checking defaults for PD1/pdf/m/n on input line 40.
LaTeX Font Info:    ... okay on input line 40.
LaTeX Info: Redefining \degres on input line 40.
LaTeX Info: Redefining \dots on input line 40.
Package french.ldf Info: Setting StandardItemizeEnv=true for
(french.ldf)             compatibility with enumitem package,
(french.ldf)             reported on input line 40.
Package french.ldf Info: Setting StandardEnumerateEnv=true for
(french.ldf)             compatibility with enumitem package,
(french.ldf)             reported on input line 40.
LaTeX Info: Redefining \up on input line 40.

(C:\Users\Caforestti\AppData\Local\Programs\MiKTeX\tex/context/base/mkii\supp-p
df.mkii
[Loading MPS to PDF converter (version 2006.09.02).]
\scratchcounter=\count323
\scratchdimen=\dimen189
\scratchbox=\box63
\nofMPsegments=\count324
\nofMParguments=\count325
\everyMPshowfont=\toks31
\MPscratchCnt=\count326
\MPscratchDim=\dimen190
\MPnumerator=\count327
\makeMPintoPDFobject=\count328
\everyMPtoPDFconversion=\toks32
)
(C:\Users\Caforestti\AppData\Local\Programs\MiKTeX\tex/latex/epstopdf-pkg\epsto
pdf-base.sty
Package: epstopdf-base 2020-01-24 v2.11 Base part for package epstopdf
Package epstopdf-base Info: Redefining graphics rule for `.eps' on input line 4
85.
)
Package caption Info: Begin \AtBeginDocument code.
Package caption Info: hyperref package is loaded.
Package caption Info: rotating package is loaded.
Package caption Info: End \AtBeginDocument code.
Package hyperref Info: Link coloring OFF on input line 40.

(C:\Users\Caforestti\AppData\Local\Programs\MiKTeX\tex/latex/hyperref\nameref.s
ty
Package: nameref 2019/09/16 v2.46 Cross-referencing by name of section

(C:\Users\Caforestti\AppData\Local\Programs\MiKTeX\tex/latex/refcount\refcount.
sty
Package: refcount 2019/12/15 v3.6 Data extraction from label references (HO)
)
(C:\Users\Caforestti\AppData\Local\Programs\MiKTeX\tex/generic/gettitlestring\g
ettitlestring.sty
Package: gettitlestring 2019/12/15 v1.6 Cleanup title references (HO)
)
\c@section@level=\count329
)
LaTeX Info: Redefining \ref on input line 40.
LaTeX Info: Redefining \pageref on input line 40.
LaTeX Info: Redefining \nameref on input line 40.
 (manuscript.out) (manuscript.out)
\@outlinefile=\write3
\openout3 = `manuscript.out'.

\symgns@font=\mathgroup4
LaTeX Font Info:    Overwriting symbol font `gns@font' in version `bold'
(Font)                  TS1/lmr/m/n --> TS1/lmr/b/n on input line 40.
Package gensymb Info: Math companion symbols declared on input line 40.
LaTeX Info: Redefining \degree on input line 40.
LaTeX Info: Redefining \celsius on input line 40.
Package gensymb Info: Using text companion symbols for \degree, \celsius and \p
erthousand on input line 40.
LaTeX Info: Redefining \ohm on input line 40.
Package gensymb Info: Using \textohm for \ohm on input line 40.
Package gensymb Info: Using \textmu for \micro on input line 40.

(C:\Users\Caforestti\AppData\Local\Programs\MiKTeX\tex/latex/siunitx\siunitx-ab
breviations.cfg
File: siunitx-abbreviations.cfg 2021-04-17 v2.8e siunitx: Abbreviated units
)
(C:\Users\Caforestti\AppData\Local\Programs\MiKTeX\tex/latex/translator\transla
tor-basic-dictionary-English.dict
Dictionary: translator-basic-dictionary, Language: English 
)
Package csquotes Info: Making character " active on input line 40.
LaTeX Font Info:    Trying to load font information for OT1+lmr on input line 4
0.

(C:\Users\Caforestti\AppData\Local\Programs\MiKTeX\tex/latex/lm\ot1lmr.fd
File: ot1lmr.fd 2009/10/30 v1.6 Font defs for Latin Modern
)
LaTeX Font Info:    Trying to load font information for OML+lmm on input line 4
0.

(C:\Users\Caforestti\AppData\Local\Programs\MiKTeX\tex/latex/lm\omllmm.fd
File: omllmm.fd 2009/10/30 v1.6 Font defs for Latin Modern
)
LaTeX Font Info:    Trying to load font information for OMS+lmsy on input line 
40.

(C:\Users\Caforestti\AppData\Local\Programs\MiKTeX\tex/latex/lm\omslmsy.fd
File: omslmsy.fd 2009/10/30 v1.6 Font defs for Latin Modern
)
LaTeX Font Info:    Trying to load font information for OMX+lmex on input line 
40.

(C:\Users\Caforestti\AppData\Local\Programs\MiKTeX\tex/latex/lm\omxlmex.fd
File: omxlmex.fd 2009/10/30 v1.6 Font defs for Latin Modern
)
LaTeX Font Info:    External font `lmex10' loaded for size
(Font)              <12> on input line 40.
LaTeX Font Info:    External font `lmex10' loaded for size
(Font)              <8> on input line 40.
LaTeX Font Info:    External font `lmex10' loaded for size
(Font)              <6> on input line 40.
LaTeX Font Info:    Trying to load font information for TS1+lmr on input line 4
0.

(C:\Users\Caforestti\AppData\Local\Programs\MiKTeX\tex/latex/lm\ts1lmr.fd
File: ts1lmr.fd 2009/10/30 v1.6 Font defs for Latin Modern
)
LaTeX Font Info:    Trying to load font information for OT1+lmss on input line 
40.

(C:\Users\Caforestti\AppData\Local\Programs\MiKTeX\tex/latex/lm\ot1lmss.fd
File: ot1lmss.fd 2009/10/30 v1.6 Font defs for Latin Modern
)
LaTeX Font Info:    Trying to load font information for OT1+lmtt on input line 
40.

(C:\Users\Caforestti\AppData\Local\Programs\MiKTeX\tex/latex/lm\ot1lmtt.fd
File: ot1lmtt.fd 2009/10/30 v1.6 Font defs for Latin Modern
)
[1

{C:/Users/Caforestti/AppData/Local/MiKTeX/pdftex/config/pdftex.map}]
(manuscript.toc

Package natbib Warning: Citation `Loukidis2008AssessmentProcedure' on page 1 un
defined on input line 10.

)
\tf@toc=\write4
\openout4 = `manuscript.toc'.

pdfTeX warning (ext4): destination with the same identifier (name{page.1}) has 
been already used, duplicate ignored
<to be read again> 
                   \relax 
l.103 
       [1

] [2]
Chapitre 1.
[3

]

Package natbib Warning: Citation `Aussedat1970SollicitationsSols' on page 4 und
efined on input line 149.


Package natbib Warning: Citation `Omidvar2012Stress-strainRates' on page 4 unde
fined on input line 149.


Package natbib Warning: Citation `Itasca2020FLAC3D6.0' on page 4 undefined on i
nput line 151.


Package fancyhdr Warning: \headheight is too small (12.0pt): 
(fancyhdr)                Make it at least 14.49998pt, for example:
(fancyhdr)                \setlength{\headheight}{14.49998pt}.
(fancyhdr)                You might also make \topmargin smaller to compensate:

(fancyhdr)                \addtolength{\topmargin}{-2.49998pt}.

[4]
<media/ana_demarche2.PNG, id=233, 619.31375pt x 387.94937pt>
File: media/ana_demarche2.PNG Graphic file (type png)
<use media/ana_demarche2.PNG>
Package pdftex.def Info: media/ana_demarche2.PNG  used on input line 192.
(pdftex.def)             Requested size: 619.31224pt x 387.94843pt.


Package fancyhdr Warning: \headheight is too small (12.0pt): 
(fancyhdr)                Make it at least 14.49998pt, for example:
(fancyhdr)                \setlength{\headheight}{14.49998pt}.
(fancyhdr)                You might also make \topmargin smaller to compensate:

(fancyhdr)                \addtolength{\topmargin}{-2.49998pt}.

[5]

Package fancyhdr Warning: \headheight is too small (12.0pt): 
(fancyhdr)                Make it at least 14.49998pt, for example:
(fancyhdr)                \setlength{\headheight}{14.49998pt}.
(fancyhdr)                You might also make \topmargin smaller to compensate:

(fancyhdr)                \addtolength{\topmargin}{-2.49998pt}.

[6 <./media/ana_demarche2.PNG>]
Chapitre 2.

Package natbib Warning: Citation `Gonin1979ReflexionPieux' on page 7 undefined 
on input line 203.


Package natbib Warning: Citation `Loukidis2008AssessmentProcedure' on page 7 un
defined on input line 203.


Package natbib Warning: Citation `Smith1960Pile-drivingEquation' on page 7 unde
fined on input line 207.


Package natbib Warning: Citation `Randolph2003ScienceDesign' on page 7 undefine
d on input line 207.


Package natbib Warning: Citation `Loukidis2008AssessmentProcedure' on page 7 un
defined on input line 207.


Package natbib Warning: Citation `Loukidis2008AssessmentProcedure' on page 7 un
defined on input line 211.


Package natbib Warning: Citation `Loukidis2008AssessmentProcedure' on page 7 un
defined on input line 213.

[7

]

Package natbib Warning: Citation `Lysmer1965VerticalFooting' on page 8 undefine
d on input line 215.


Package natbib Warning: Citation `Holeyman1988ModellingBase' on page 8 undefine
d on input line 215.


Package natbib Warning: Citation `Loukidis2008AssessmentProcedure' on page 8 un
defined on input line 215.


Package natbib Warning: Citation `Smith1960Pile-drivingEquation' on page 8 unde
fined on input line 219.


Package natbib Warning: Citation `Smith1960Pile-drivingEquation' on page 8 unde
fined on input line 221.


Package natbib Warning: Citation `Benz-Navarrete2009MESURES2' on page 8 undefin
ed on input line 223.


Package natbib Warning: Citation `Escobar2015Mise3' on page 8 undefined on inpu
t line 223.


Package natbib Warning: Citation `Coyle1970EmpiricalClays' on page 8 undefined 
on input line 237.


Package fancyhdr Warning: \headheight is too small (12.0pt): 
(fancyhdr)                Make it at least 14.49998pt, for example:
(fancyhdr)                \setlength{\headheight}{14.49998pt}.
(fancyhdr)                You might also make \topmargin smaller to compensate:

(fancyhdr)                \addtolength{\topmargin}{-2.49998pt}.

[8]

Package natbib Warning: Citation `Smith1960Pile-drivingEquation' on page 9 unde
fined on input line 245.


Package natbib Warning: Citation `Lysmer1965VerticalFooting' on page 9 undefine
d on input line 249.


Package fancyhdr Warning: \headheight is too small (12.0pt): 
(fancyhdr)                Make it at least 14.49998pt, for example:
(fancyhdr)                \setlength{\headheight}{14.49998pt}.
(fancyhdr)                You might also make \topmargin smaller to compensate:

(fancyhdr)                \addtolength{\topmargin}{-2.49998pt}.

[9]

Package natbib Warning: Citation `Loukidis2008AssessmentProcedure' on page 10 u
ndefined on input line 271.


Package natbib Warning: Citation `Loukidis2008AssessmentProcedure' on page 10 u
ndefined on input line 271.


Package natbib Warning: Citation `Lee2020InstrumentedCharacterization' on page 
10 undefined on input line 273.


Package natbib Warning: Citation `Lysmer1965VerticalFooting' on page 10 undefin
ed on input line 273.


Package natbib Warning: Citation `Holeyman1988ModellingBase' on page 10 undefin
ed on input line 275.


Package natbib Warning: Citation `Deeks1995ALoading' on page 10 undefined on in
put line 275.


Package natbib Warning: Citation `Lysmer1965VerticalFooting' on page 10 undefin
ed on input line 275.


Package natbib Warning: Citation `Lysmer1965VerticalFooting' on page 10 undefin
ed on input line 275.


Package natbib Warning: Citation `Loukidis2008AssessmentProcedure' on page 10 u
ndefined on input line 275.


Package natbib Warning: Citation `Loukidis2008AssessmentProcedure' on page 10 u
ndefined on input line 277.


Package hyperref Warning: Token not allowed in a PDF string (PDFDocEncoding):
(hyperref)                removing `\begingroup' on input line 277.


Package hyperref Warning: Token not allowed in a PDF string (PDFDocEncoding):
(hyperref)                removing `\<let>-command' on input line 277.


Package hyperref Warning: Token not allowed in a PDF string (PDFDocEncoding):
(hyperref)                removing `\NAT@ctype' on input line 277.


Package hyperref Warning: Token not allowed in a PDF string (PDFDocEncoding):
(hyperref)                removing `\z@' on input line 277.


Package hyperref Warning: Token not allowed in a PDF string (PDFDocEncoding):
(hyperref)                removing `\let' on input line 277.


Package hyperref Warning: Token not allowed in a PDF string (PDFDocEncoding):
(hyperref)                removing `\let' on input line 277.


Package hyperref Warning: Token not allowed in a PDF string (PDFDocEncoding):
(hyperref)                removing `\new@ifnextchar' on input line 277.


Package natbib Warning: Citation `Loukidis2008AssessmentProcedure' on page 10 u
ndefined on input line 279.

<media/ana_modele.JPG, id=268, 250.536pt x 104.7915pt>
File: media/ana_modele.JPG Graphic file (type jpg)
<use media/ana_modele.JPG>
Package pdftex.def Info: media/ana_modele.JPG  used on input line 283.
(pdftex.def)             Requested size: 275.59042pt x 115.271pt.

Package natbib Warning: Citation `Loukidis2008AssessmentProcedure' on page 10 u
ndefined on input line 284.


Package natbib Warning: Citation `Loukidis2008AssessmentProcedure' on page 10 u
ndefined on input line 284.


Package fancyhdr Warning: \headheight is too small (12.0pt): 
(fancyhdr)                Make it at least 14.49998pt, for example:
(fancyhdr)                \setlength{\headheight}{14.49998pt}.
(fancyhdr)                You might also make \topmargin smaller to compensate:

(fancyhdr)                \addtolength{\topmargin}{-2.49998pt}.

[10 <./media/ana_modele.JPG>]

Package natbib Warning: Citation `Holeyman1988ModellingBase' on page 11 undefin
ed on input line 297.


Package natbib Warning: Citation `Loukidis2008AssessmentProcedure' on page 11 u
ndefined on input line 299.


Package natbib Warning: Citation `Coyle1970EmpiricalClays' on page 11 undefined
 on input line 299.


Package natbib Warning: Citation `Salgado2008TheFoundations' on page 11 undefin
ed on input line 307.


Package natbib Warning: Citation `Gazetas1985VerticalFoundations' on page 11 un
defined on input line 311.


Package natbib Warning: Citation `Loukidis2008AssessmentProcedure' on page 11 u
ndefined on input line 311.


Package natbib Warning: Citation `Loukidis2008AssessmentProcedure' on page 11 u
ndefined on input line 313.


LaTeX Warning: Reference `eq:Df' on page 11 undefined on input line 313.


Package fancyhdr Warning: \headheight is too small (12.0pt): 
(fancyhdr)                Make it at least 14.49998pt, for example:
(fancyhdr)                \setlength{\headheight}{14.49998pt}.
(fancyhdr)                You might also make \topmargin smaller to compensate:

(fancyhdr)                \addtolength{\topmargin}{-2.49998pt}.

[11]

Package natbib Warning: Citation `GourvesR.Mirat1977MethodeSols' on page 12 und
efined on input line 346.


Package natbib Warning: Citation `Faugeras1979LessaiAnalogique' on page 12 unde
fined on input line 348.


Package natbib Warning: Citation `Arbaoui2003MesurePenetrometre' on page 12 und
efined on input line 348.


Package natbib Warning: Citation `Ali2010CaracterisationProfondes' on page 12 u
ndefined on input line 348.


Package natbib Warning: Citation `Reiffsteck2003CaracterisationSitu' on page 12
 undefined on input line 348.


Package natbib Warning: Citation `Zhou1997CaracterisationPanda' on page 12 unde
fined on input line 348.


Package natbib Warning: Citation `Arbaoui2003MesurePenetrometre' on page 12 und
efined on input line 348.


Package natbib Warning: Citation `Zhou1997CaracterisationPanda' on page 12 unde
fined on input line 350.


Package fancyhdr Warning: \headheight is too small (12.0pt): 
(fancyhdr)                Make it at least 14.49998pt, for example:
(fancyhdr)                \setlength{\headheight}{14.49998pt}.
(fancyhdr)                You might also make \topmargin smaller to compensate:

(fancyhdr)                \addtolength{\topmargin}{-2.49998pt}.

[12]

Package natbib Warning: Citation `Faugeras1979LessaiAnalogique' on page 13 unde
fined on input line 364.


Package natbib Warning: Citation `Faugeras1979LessaiAnalogique' on page 13 unde
fined on input line 378.


Package natbib Warning: Citation `Arbaoui2003MesurePenetrometre' on page 13 und
efined on input line 392.


Package natbib Warning: Citation `Lysmer1965VerticalFooting' on page 13 undefin
ed on input line 392.


Package natbib Warning: Citation `Lysmer1965VerticalFooting' on page 13 undefin
ed on input line 392.


Package natbib Warning: Citation `Lysmer1965VerticalFooting' on page 13 undefin
ed on input line 392.


Package fancyhdr Warning: \headheight is too small (12.0pt): 
(fancyhdr)                Make it at least 14.49998pt, for example:
(fancyhdr)                \setlength{\headheight}{14.49998pt}.
(fancyhdr)                You might also make \topmargin smaller to compensate:

(fancyhdr)                \addtolength{\topmargin}{-2.49998pt}.

[13]

Package natbib Warning: Citation `Loukidis2008AssessmentProcedure' on page 14 u
ndefined on input line 402.


Package natbib Warning: Citation `Arbaoui2003MesurePenetrometre' on page 14 und
efined on input line 402.


Package natbib Warning: Citation `Mindlin1936ForceSolid' on page 14 undefined o
n input line 402.


Package natbib Warning: Citation `Faugeras1979LessaiAnalogique' on page 14 unde
fined on input line 419.


Package natbib Warning: Citation `Zhou1997CaracterisationPanda' on page 14 unde
fined on input line 419.


Package natbib Warning: Citation `Arbaoui2003MesurePenetrometre' on page 14 und
efined on input line 421.


Package natbib Warning: Citation `Combarieu2001LPressiometre' on page 14 undefi
ned on input line 421.


Overfull \hbox (15.52579pt too wide) in paragraph at lines 421--422
[]\T1/lmr/bx/n/12 ? \T1/lmr/m/n/12 évoque l'uti-lité de la réa-li-sa-tion des c
ycles chargement-déchargement-rechargement
 []


Package natbib Warning: Citation `Arbaoui2003MesurePenetrometre' on page 14 und
efined on input line 425.


Package natbib Warning: Citation `Zhou1997CaracterisationPanda' on page 14 unde
fined on input line 427.


Package natbib Warning: Citation `Arbaoui2003MesurePenetrometre' on page 14 und
efined on input line 427.


LaTeX Warning: Command \` invalid in math mode on input line 427.


Package natbib Warning: Citation `Zhou1997CaracterisationPanda' on page 14 unde
fined on input line 427.


Package natbib Warning: Citation `Zhou1997CaracterisationPanda' on page 14 unde
fined on input line 427.


Package natbib Warning: Citation `Arbaoui2003MesurePenetrometre' on page 14 und
efined on input line 427.

<media/ana_zhou_arbaoui_cycle.JPG, id=305, 564.9105pt x 342.078pt>
File: media/ana_zhou_arbaoui_cycle.JPG Graphic file (type jpg)
<use media/ana_zhou_arbaoui_cycle.JPG>
Package pdftex.def Info: media/ana_zhou_arbaoui_cycle.JPG  used on input line 4
31.
(pdftex.def)             Requested size: 395.43465pt x 239.45296pt.

Package fancyhdr Warning: \headheight is too small (12.0pt): 
(fancyhdr)                Make it at least 14.49998pt, for example:
(fancyhdr)                \setlength{\headheight}{14.49998pt}.
(fancyhdr)                You might also make \topmargin smaller to compensate:

(fancyhdr)                \addtolength{\topmargin}{-2.49998pt}.

[14]

Package fancyhdr Warning: \headheight is too small (12.0pt): 
(fancyhdr)                Make it at least 14.49998pt, for example:
(fancyhdr)                \setlength{\headheight}{14.49998pt}.
(fancyhdr)                You might also make \topmargin smaller to compensate:

(fancyhdr)                \addtolength{\topmargin}{-2.49998pt}.

[15 <./media/ana_zhou_arbaoui_cycle.JPG>]

Package natbib Warning: Citation `Smith1960Pile-drivingEquation' on page 16 und
efined on input line 442.


Package natbib Warning: Citation `Smith1960Pile-drivingEquation' on page 16 und
efined on input line 454.


Package natbib Warning: Citation `Lysmer1965VerticalFooting' on page 16 undefin
ed on input line 454.


Package natbib Warning: Citation `Loukidis2008AssessmentProcedure' on page 16 u
ndefined on input line 454.


Package natbib Warning: Citation `Smith1960Pile-drivingEquation' on page 16 und
efined on input line 454.


Package natbib Warning: Citation `Coyle1970EmpiricalClays' on page 16 undefined
 on input line 454.


Package natbib Warning: Citation `Loukidis2008AssessmentProcedure' on page 16 u
ndefined on input line 460.


Package natbib Warning: Citation `Holeyman1988ModellingBase' on page 16 undefin
ed on input line 460.


Package natbib Warning: Citation `Loukidis2008AssessmentProcedure' on page 16 u
ndefined on input line 460.


Package natbib Warning: Citation `Burland1989NinthStrains' on page 16 undefined
 on input line 462.


Package natbib Warning: Citation `Burland1989NinthStrains' on page 16 undefined
 on input line 462.


Package natbib Warning: Citation `Atkinson2000Non-linearDesign' on page 16 unde
fined on input line 462.


Package natbib Warning: Citation `Arbaoui2003MesurePenetrometre' on page 16 und
efined on input line 466.


Package natbib Warning: Citation `Combarieu2001LPressiometre' on page 16 undefi
ned on input line 466.


Package fancyhdr Warning: \headheight is too small (12.0pt): 
(fancyhdr)                Make it at least 14.49998pt, for example:
(fancyhdr)                \setlength{\headheight}{14.49998pt}.
(fancyhdr)                You might also make \topmargin smaller to compensate:

(fancyhdr)                \addtolength{\topmargin}{-2.49998pt}.

[16]

Package natbib Warning: Citation `Loukidis2008AssessmentProcedure' on page 17 u
ndefined on input line 468.


Package natbib Warning: Citation `Lysmer1965VerticalFooting' on page 17 undefin
ed on input line 468.


Package natbib Warning: Citation `Zhou1997CaracterisationPanda' on page 17 unde
fined on input line 468.


Package natbib Warning: Citation `Arbaoui2003MesurePenetrometre' on page 17 und
efined on input line 468.


Package natbib Warning: Citation `Reiffsteck2009MeasurementsPenetrometer' on pa
ge 17 undefined on input line 468.

<media/ana_Eun3.png, id=327, 578.16pt x 329.73187pt>
File: media/ana_Eun3.png Graphic file (type png)
<use media/ana_Eun3.png>
Package pdftex.def Info: media/ana_Eun3.png  used on input line 476.
(pdftex.def)             Requested size: 346.89867pt x 197.84064pt.

Package natbib Warning: Citation `Obrzud2018TheGuidebook' on page 17 undefined 
on input line 484.


Package natbib Warning: Citation `Benz2007Small-StrainConsequences' on page 17 
undefined on input line 484.


Package natbib Warning: Citation `FlavignyE.DesruesJ.Paylayer1990NoteRF' on pag
e 17 undefined on input line 484.


Package natbib Warning: Citation `Schanz1999TheVerification' on page 17 undefin
ed on input line 484.


Package natbib Warning: Citation `Cami2017ImagerieDeformations' on page 17 unde
fined on input line 484.


Package fancyhdr Warning: \headheight is too small (12.0pt): 
(fancyhdr)                Make it at least 14.49998pt, for example:
(fancyhdr)                \setlength{\headheight}{14.49998pt}.
(fancyhdr)                You might also make \topmargin smaller to compensate:

(fancyhdr)                \addtolength{\topmargin}{-2.49998pt}.

[17 <./media/ana_Eun3.png>]

Package natbib Warning: Citation `Fahey1993AModel' on page 18 undefined on inpu
t line 488.


Package natbib Warning: Citation `Burns2007Small-Penetrometer' on page 18 undef
ined on input line 500.


Package natbib Warning: Citation `Plumelle2013TheorieOuvrages' on page 18 undef
ined on input line 500.


Package natbib Warning: Citation `Burns2007Small-Penetrometer' on page 18 undef
ined on input line 500.


Package natbib Warning: Citation `Robertson2010EstimatingCPT' on page 18 undefi
ned on input line 500.


Package natbib Warning: Citation `Zhou1997CaracterisationPanda' on page 18 unde
fined on input line 502.


Package natbib Warning: Citation `Chaigneau2001CARACTERISATIONPENETROMETRE' on 
page 18 undefined on input line 502.


Package natbib Warning: Citation `Morvan2016OptimisationEstimation' on page 18 
undefined on input line 502.


Package natbib Warning: Citation `Chaigneau2001CARACTERISATIONPENETROMETRE' on 
page 18 undefined on input line 502.


Package natbib Warning: Citation `Cami2017ImagerieDeformations' on page 18 unde
fined on input line 506.

<media/ana_degradation_pressio.PNG, id=343, 513.41812pt x 164.11313pt>
File: media/ana_degradation_pressio.PNG Graphic file (type png)
<use media/ana_degradation_pressio.PNG>
Package pdftex.def Info: media/ana_degradation_pressio.PNG  used on input line 
510.
(pdftex.def)             Requested size: 410.73505pt x 131.29066pt.

Package fancyhdr Warning: \headheight is too small (12.0pt): 
(fancyhdr)                Make it at least 14.49998pt, for example:
(fancyhdr)                \setlength{\headheight}{14.49998pt}.
(fancyhdr)                You might also make \topmargin smaller to compensate:

(fancyhdr)                \addtolength{\topmargin}{-2.49998pt}.

[18]

Package natbib Warning: Citation `Duttine2005ComportementAxes' on page 19 undef
ined on input line 516.


Package fancyhdr Warning: \headheight is too small (12.0pt): 
(fancyhdr)                Make it at least 14.49998pt, for example:
(fancyhdr)                \setlength{\headheight}{14.49998pt}.
(fancyhdr)                You might also make \topmargin smaller to compensate:

(fancyhdr)                \addtolength{\topmargin}{-2.49998pt}.

[19 <./media/ana_degradation_pressio.PNG>]
Chapitre 3.

Package natbib Warning: Citation `Lancelot1996ComportementDraines' on page 20 u
ndefined on input line 533.


Package natbib Warning: Citation `Aris2012ExperimentalElements' on page 20 unde
fined on input line 535.

[20

]
<media/exp_caracterisques_physiques.PNG, id=364, 420.57124pt x 319.69438pt>
File: media/exp_caracterisques_physiques.PNG Graphic file (type png)
<use media/exp_caracterisques_physiques.PNG>
Package pdftex.def Info: media/exp_caracterisques_physiques.PNG  used on input 
line 541.
(pdftex.def)             Requested size: 420.57022pt x 319.69359pt.
<media/exp_granulometrie.PNG, id=367, 376.90813pt x 218.31563pt>
File: media/exp_granulometrie.PNG Graphic file (type png)
<use media/exp_granulometrie.PNG>
Package pdftex.def Info: media/exp_granulometrie.PNG  used on input line 553.
(pdftex.def)             Requested size: 301.5269pt x 174.65273pt.


Package fancyhdr Warning: \headheight is too small (12.0pt): 
(fancyhdr)                Make it at least 15.35403pt, for example:
(fancyhdr)                \setlength{\headheight}{15.35403pt}.
(fancyhdr)                You might also make \topmargin smaller to compensate:

(fancyhdr)                \addtolength{\topmargin}{-3.35403pt}.

[21 <./media/exp_caracterisques_physiques.PNG>]
<media/exp_tx_eprouvette.PNG, id=376, 361.35pt x 121.45375pt>
File: media/exp_tx_eprouvette.PNG Graphic file (type png)
<use media/exp_tx_eprouvette.PNG>
Package pdftex.def Info: media/exp_tx_eprouvette.PNG  used on input line 567.
(pdftex.def)             Requested size: 433.61783pt x 145.74374pt.

Overfull \hbox (6.1863pt too wide) in paragraph at lines 567--568
 [] 
 []


Package natbib Warning: Citation `AFNOR1994NFRevolution' on page 22 undefined o
n input line 575.


Package fancyhdr Warning: \headheight is too small (12.0pt): 
(fancyhdr)                Make it at least 15.35403pt, for example:
(fancyhdr)                \setlength{\headheight}{15.35403pt}.
(fancyhdr)                You might also make \topmargin smaller to compensate:

(fancyhdr)                \addtolength{\topmargin}{-3.35403pt}.

[22 <./media/exp_granulometrie.PNG> <./media/exp_tx_eprouvette.PNG>]
<media/exp_tx_SH.PNG, id=384, 376.40625pt x 381.92688pt>
File: media/exp_tx_SH.PNG Graphic file (type png)
<use media/exp_tx_SH.PNG>
Package pdftex.def Info: media/exp_tx_SH.PNG  used on input line 586.
(pdftex.def)             Requested size: 376.40532pt x 381.92593pt.


Package fancyhdr Warning: \headheight is too small (12.0pt): 
(fancyhdr)                Make it at least 15.35403pt, for example:
(fancyhdr)                \setlength{\headheight}{15.35403pt}.
(fancyhdr)                You might also make \topmargin smaller to compensate:

(fancyhdr)                \addtolength{\topmargin}{-3.35403pt}.

[23]
<media/exp_tx_SF.PNG, id=389, 374.39874pt x 381.425pt>
File: media/exp_tx_SF.PNG Graphic file (type png)
<use media/exp_tx_SF.PNG>
Package pdftex.def Info: media/exp_tx_SF.PNG  used on input line 594.
(pdftex.def)             Requested size: 374.39783pt x 381.42406pt.


Package fancyhdr Warning: \headheight is too small (12.0pt): 
(fancyhdr)                Make it at least 15.35403pt, for example:
(fancyhdr)                \setlength{\headheight}{15.35403pt}.
(fancyhdr)                You might also make \topmargin smaller to compensate:

(fancyhdr)                \addtolength{\topmargin}{-3.35403pt}.

[24 <./media/exp_tx_SH.PNG>]
<media/exp_tx_rupture.PNG, id=402, 387.4475pt x 270.00874pt>
File: media/exp_tx_rupture.PNG Graphic file (type png)
<use media/exp_tx_rupture.PNG>
Package pdftex.def Info: media/exp_tx_rupture.PNG  used on input line 606.
(pdftex.def)             Requested size: 271.2114pt x 189.00482pt.


Package fancyhdr Warning: \headheight is too small (12.0pt): 
(fancyhdr)                Make it at least 15.35403pt, for example:
(fancyhdr)                \setlength{\headheight}{15.35403pt}.
(fancyhdr)                You might also make \topmargin smaller to compensate:

(fancyhdr)                \addtolength{\topmargin}{-3.35403pt}.

[25 <./media/exp_tx_SF.PNG>]

Package natbib Warning: Citation `Briaud2001INTRODUCTIONMODULI' on page 26 unde
fined on input line 615.


Package natbib Warning: Citation `Lancelot1996ComportementDraines' on page 26 u
ndefined on input line 619.


Package natbib Warning: Citation `Lancelot1996ComportementDraines' on page 26 u
ndefined on input line 619.


Package natbib Warning: Citation `Dano2001ComportementInjectes' on page 26 unde
fined on input line 619.


Package natbib Warning: Citation `Obrzud2018TheGuidebook' on page 26 undefined 
on input line 619.


Package fancyhdr Warning: \headheight is too small (12.0pt): 
(fancyhdr)                Make it at least 15.35403pt, for example:
(fancyhdr)                \setlength{\headheight}{15.35403pt}.
(fancyhdr)                You might also make \topmargin smaller to compensate:

(fancyhdr)                \addtolength{\topmargin}{-3.35403pt}.

[26 <./media/exp_tx_rupture.PNG>]

Package natbib Warning: Citation `Rouse2018RelationTest' on page 27 undefined o
n input line 634.


Package natbib Warning: Citation `Lancelot1996ComportementDraines' on page 27 u
ndefined on input line 634.


Package natbib Warning: Citation `Combarieu1997CapaciteLaboratoire' on page 27 
undefined on input line 636.


Package natbib Warning: Citation `Dano2001ComportementInjectes' on page 27 unde
fined on input line 636.


Package natbib Warning: Citation `Dupla2007ComportementReference' on page 27 un
defined on input line 636.


Package natbib Warning: Citation `Arbaoui2003MesurePenetrometre' on page 27 und
efined on input line 636.


Package natbib Warning: Citation `Latini2016TriaxialReport' on page 27 undefine
d on input line 636.


Package natbib Warning: Citation `Lancelot1996ComportementDraines' on page 27 u
ndefined on input line 636.


Package natbib Warning: Citation `Benahmed2004InitialSand' on page 27 undefined
 on input line 636.


Package natbib Warning: Citation `Aris2012ExperimentalElements' on page 27 unde
fined on input line 638.


Package natbib Warning: Citation `Benahmed2004InitialSand' on page 27 undefined
 on input line 638.

<media/exp_frictionangle3.PNG, id=417, 608.77437pt x 224.84pt>
File: media/exp_frictionangle3.PNG Graphic file (type png)
<use media/exp_frictionangle3.PNG>
Package pdftex.def Info: media/exp_frictionangle3.PNG  used on input line 642.
(pdftex.def)             Requested size: 456.57967pt x 168.62958pt.

Overfull \hbox (29.14813pt too wide) in paragraph at lines 642--643
 [] 
 []


Package fancyhdr Warning: \headheight is too small (12.0pt): 
(fancyhdr)                Make it at least 15.35403pt, for example:
(fancyhdr)                \setlength{\headheight}{15.35403pt}.
(fancyhdr)                You might also make \topmargin smaller to compensate:

(fancyhdr)                \addtolength{\topmargin}{-3.35403pt}.

[27 <./media/exp_frictionangle3.PNG>]
<media/exp_eprouvettes2.png, id=426, 458.71375pt x 212.795pt>
File: media/exp_eprouvettes2.png Graphic file (type png)
<use media/exp_eprouvettes2.png>
Package pdftex.def Info: media/exp_eprouvettes2.png  used on input line 659.
(pdftex.def)             Requested size: 412.83856pt x 191.51372pt.
<media/exp_DCLT_CLT.PNG, id=428, 637.38126pt x 374.90062pt>
File: media/exp_DCLT_CLT.PNG Graphic file (type png)
<use media/exp_DCLT_CLT.PNG>
Package pdftex.def Info: media/exp_DCLT_CLT.PNG  used on input line 673.
(pdftex.def)             Requested size: 382.4317pt x 224.94211pt.
<media/exp_penetro.png, id=430, 481.3182pt x 669.2202pt>
File: media/exp_penetro.png Graphic file (type png)
<use media/exp_penetro.png>
Package pdftex.def Info: media/exp_penetro.png  used on input line 683.
(pdftex.def)             Requested size: 240.65851pt x 334.60928pt.


Package fancyhdr Warning: \headheight is too small (12.0pt): 
(fancyhdr)                Make it at least 15.35403pt, for example:
(fancyhdr)                \setlength{\headheight}{15.35403pt}.
(fancyhdr)                You might also make \topmargin smaller to compensate:

(fancyhdr)                \addtolength{\topmargin}{-3.35403pt}.

[28 <./media/exp_eprouvettes2.png>]
Overfull \vbox (22.3316pt too high) has occurred while \output is active []



Package fancyhdr Warning: \headheight is too small (12.0pt): 
(fancyhdr)                Make it at least 15.35403pt, for example:
(fancyhdr)                \setlength{\headheight}{15.35403pt}.
(fancyhdr)                You might also make \topmargin smaller to compensate:

(fancyhdr)                \addtolength{\topmargin}{-3.35403pt}.

[29 <./media/exp_DCLT_CLT.PNG> <./media/exp_penetro.png>]

Package natbib Warning: Citation `Arbaoui2003MesurePenetrometre' on page 30 und
efined on input line 691.


Package natbib Warning: Citation `Zhou1997CaracterisationPanda' on page 30 unde
fined on input line 691.


Package fancyhdr Warning: \headheight is too small (12.0pt): 
(fancyhdr)                Make it at least 15.35403pt, for example:
(fancyhdr)                \setlength{\headheight}{15.35403pt}.
(fancyhdr)                You might also make \topmargin smaller to compensate:

(fancyhdr)                \addtolength{\topmargin}{-3.35403pt}.

[30]
<media/a.png, id=459, 248.42813pt x 378.91562pt>
File: media/a.png Graphic file (type png)
<use media/a.png>
Package pdftex.def Info: media/a.png  used on input line 699.
(pdftex.def)             Requested size: 372.64128pt x 568.37202pt.


Package fancyhdr Warning: \headheight is too small (12.0pt): 
(fancyhdr)                Make it at least 15.35403pt, for example:
(fancyhdr)                \setlength{\headheight}{15.35403pt}.
(fancyhdr)                You might also make \topmargin smaller to compensate:

(fancyhdr)                \addtolength{\topmargin}{-3.35403pt}.

[31 <./media/a.png>]
<media/b.png, id=465, 248.93pt x 373.395pt>
File: media/b.png Graphic file (type png)
<use media/b.png>
Package pdftex.def Info: media/b.png  used on input line 709.
(pdftex.def)             Requested size: 373.39407pt x 560.09113pt.


Package fancyhdr Warning: \headheight is too small (12.0pt): 
(fancyhdr)                Make it at least 15.35403pt, for example:
(fancyhdr)                \setlength{\headheight}{15.35403pt}.
(fancyhdr)                You might also make \topmargin smaller to compensate:

(fancyhdr)                \addtolength{\topmargin}{-3.35403pt}.

[32 <./media/b.png>]
<media/c.png, id=471, 245.41687pt x 379.91937pt>
File: media/c.png Graphic file (type png)
<use media/c.png>
Package pdftex.def Info: media/c.png  used on input line 719.
(pdftex.def)             Requested size: 368.12439pt x 569.87764pt.


Package fancyhdr Warning: \headheight is too small (12.0pt): 
(fancyhdr)                Make it at least 15.35403pt, for example:
(fancyhdr)                \setlength{\headheight}{15.35403pt}.
(fancyhdr)                You might also make \topmargin smaller to compensate:

(fancyhdr)                \addtolength{\topmargin}{-3.35403pt}.

[33 <./media/c.png>]
<media/d.png, id=477, 243.91125pt x 376.90813pt>
File: media/d.png Graphic file (type png)
<use media/d.png>
Package pdftex.def Info: media/d.png  used on input line 729.
(pdftex.def)             Requested size: 365.86597pt x 565.3608pt.


Package fancyhdr Warning: \headheight is too small (12.0pt): 
(fancyhdr)                Make it at least 15.35403pt, for example:
(fancyhdr)                \setlength{\headheight}{15.35403pt}.
(fancyhdr)                You might also make \topmargin smaller to compensate:

(fancyhdr)                \addtolength{\topmargin}{-3.35403pt}.

[34 <./media/d.png>]
Chapitre 4.

Package natbib Warning: Citation `Loukidis2008AssessmentProcedure' on page 35 u
ndefined on input line 754.


Package natbib Warning: Citation `Le2013NumericalApplications' on page 35 undef
ined on input line 754.


Package natbib Warning: Citation `Nazem2012DynamicClay' on page 35 undefined on
 input line 773.


Package natbib Warning: Citation `Zhang2019StandardChamber' on page 35 undefine
d on input line 775.


Package natbib Warning: Citation `Quezada2012MecanismesVariabilite' on page 35 
undefined on input line 775.


Package natbib Warning: Citation `Arroyo2011ConeChamberb' on page 35 undefined 
on input line 775.


Package natbib Warning: Citation `J.Butlanska2010VirtualSand' on page 35 undefi
ned on input line 775.


Package natbib Warning: Citation `Campos2005NUMERICALSOILS' on page 35 undefine
d on input line 775.


Package natbib Warning: Citation `Pinto2008EvaluationTesting' on page 35 undefi
ned on input line 775.


Package natbib Warning: Citation `Nath1990AMETHOD' on page 35 undefined on inpu
t line 775.


Package natbib Warning: Citation `Aguiar2009NumericalProblem' on page 35 undefi
ned on input line 775.


Package natbib Warning: Citation `Fakharian2014ComparisonModelling' on page 35 
undefined on input line 775.


Package natbib Warning: Citation `Chatterjee2015DynamicCity' on page 35 undefin
ed on input line 775.


Package natbib Warning: Citation `Murthy20203D-ContinuumMethod' on page 35 unde
fined on input line 775.


Package natbib Warning: Citation `Fakharian2014ComparisonModelling' on page 35 
undefined on input line 775.


Package natbib Warning: Citation `Fakharian2015NumericalClay' on page 35 undefi
ned on input line 775.


Package natbib Warning: Citation `Masouleh2008VerificationMethod' on page 35 un
defined on input line 775.


Package natbib Warning: Citation `Pinto2008EvaluationTesting' on page 35 undefi
ned on input line 775.

[35

]

Package natbib Warning: Citation `Masouleh2008VerificationMethod' on page 36 un
defined on input line 777.


Package natbib Warning: Citation `Masouleh2008VerificationMethod' on page 36 un
defined on input line 777.


Package natbib Warning: Citation `Fakharian2014ComparisonModelling' on page 36 
undefined on input line 779.


Package natbib Warning: Citation `Smith1960Pile-drivingEquation' on page 36 und
efined on input line 779.


Package natbib Warning: Citation `Pinto2008EvaluationTesting' on page 36 undefi
ned on input line 781.


Package natbib Warning: Citation `Zhou1997CaracterisationPanda' on page 36 unde
fined on input line 783.


Package natbib Warning: Citation `Tran2019NumericalTest' on page 36 undefined o
n input line 783.


Package natbib Warning: Citation `Escobar2015Mise3' on page 36 undefined on inp
ut line 783.


Package natbib Warning: Citation `Tran2015ModelisationDiscrets' on page 36 unde
fined on input line 783.


Package natbib Warning: Citation `Benz-Navarrete2009MESURES2' on page 36 undefi
ned on input line 783.


Package natbib Warning: Citation `Zhou1997CaracterisationPanda' on page 36 unde
fined on input line 783.


Package natbib Warning: Citation `Arbaoui2003MesurePenetrometre' on page 36 und
efined on input line 783.


Package natbib Warning: Citation `Zhou1997CaracterisationPanda' on page 36 unde
fined on input line 785.


Package natbib Warning: Citation `Arbaoui2003MesurePenetrometre' on page 36 und
efined on input line 785.


Package natbib Warning: Citation `Ali2010CaracterisationProfondes' on page 36 u
ndefined on input line 785.


Package natbib Warning: Citation `Zhou1997CaracterisationPanda' on page 36 unde
fined on input line 787.


Package natbib Warning: Citation `Benz-Navarrete2009MESURES2' on page 36 undefi
ned on input line 787.


Package natbib Warning: Citation `Quezada2012MecanismesVariabilite' on page 36 
undefined on input line 787.


Package natbib Warning: Citation `Tran2019NumericalTest' on page 36 undefined o
n input line 787.


Package natbib Warning: Citation `Tran2015ModelisationDiscrets' on page 36 unde
fined on input line 787.


Package fancyhdr Warning: \headheight is too small (12.0pt): 
(fancyhdr)                Make it at least 15.35403pt, for example:
(fancyhdr)                \setlength{\headheight}{15.35403pt}.
(fancyhdr)                You might also make \topmargin smaller to compensate:

(fancyhdr)                \addtolength{\topmargin}{-3.35403pt}.

[36]
Overfull \hbox (7.77458pt too wide) in paragraph at lines 789--790
[]\T1/lmr/m/n/12 Ces tra-vaux ont per-mis de mettre en évi-dence la per-ti-nenc
e du cou-plage numérique-
 []


Package natbib Warning: Citation `Ghee2011FLAC3DPiles' on page 37 undefined on 
input line 798.


Package fancyhdr Warning: \headheight is too small (12.0pt): 
(fancyhdr)                Make it at least 15.35403pt, for example:
(fancyhdr)                \setlength{\headheight}{15.35403pt}.
(fancyhdr)                You might also make \topmargin smaller to compensate:

(fancyhdr)                \addtolength{\topmargin}{-3.35403pt}.

[37]

Package natbib Warning: Citation `Lysmer1969FiniteMedia' on page 38 undefined o
n input line 808.


Package natbib Warning: Citation `Moug2019AxisymmetricClay' on page 38 undefine
d on input line 817.


Package natbib Warning: Citation `Nagula2018EffectivenessModel' on page 38 unde
fined on input line 817.


Package natbib Warning: Citation `Fakharian2014ComparisonModelling' on page 38 
undefined on input line 832.


Package natbib Warning: Citation `Masouleh2008VerificationMethod' on page 38 un
defined on input line 832.


Package natbib Warning: Citation `Pinto2008EvaluationTesting' on page 38 undefi
ned on input line 832.


Package natbib Warning: Citation `Benz-Navarrete2009MESURES2' on page 38 undefi
ned on input line 832.


Package natbib Warning: Citation `Escobar2015Mise3' on page 38 undefined on inp
ut line 832.


Package natbib Warning: Citation `Tran2019NumericalTest' on page 38 undefined o
n input line 832.


Package fancyhdr Warning: \headheight is too small (12.0pt): 
(fancyhdr)                Make it at least 15.35403pt, for example:
(fancyhdr)                \setlength{\headheight}{15.35403pt}.
(fancyhdr)                You might also make \topmargin smaller to compensate:

(fancyhdr)                \addtolength{\topmargin}{-3.35403pt}.

[38]

Package natbib Warning: Citation `Gonin1979ReflexionPieux' on page 39 undefined
 on input line 842.


Package natbib Warning: Citation `Fairhurst1959EnergyDrilling' on page 39 undef
ined on input line 842.


Package natbib Warning: Citation `Verruijt1994SoilDynamics' on page 39 undefine
d on input line 866.


Package natbib Warning: Citation `Saint-Venant1898MemoireSys' on page 39 undefi
ned on input line 866.


Package fancyhdr Warning: \headheight is too small (12.0pt): 
(fancyhdr)                Make it at least 15.35403pt, for example:
(fancyhdr)                \setlength{\headheight}{15.35403pt}.
(fancyhdr)                You might also make \topmargin smaller to compensate:

(fancyhdr)                \addtolength{\topmargin}{-3.35403pt}.

[39]

LaTeX Warning: Reference `eq:F=Zv' on page 40 undefined on input line 880.


LaTeX Warning: Reference `eq:FzV' on page 40 undefined on input line 886.


Package natbib Warning: Citation `Fairhurst1959EnergyDrilling' on page 40 undef
ined on input line 890.


Package natbib Warning: Citation `eq:EF2' on page 40 undefined on input line 90
1.


Package natbib Warning: Citation `Sy1991InternationalDynamics' on page 40 undef
ined on input line 901.


Package natbib Warning: Citation `eq:EFV' on page 40 undefined on input line 90
1.


Package fancyhdr Warning: \headheight is too small (12.0pt): 
(fancyhdr)                Make it at least 15.35403pt, for example:
(fancyhdr)                \setlength{\headheight}{15.35403pt}.
(fancyhdr)                You might also make \topmargin smaller to compensate:

(fancyhdr)                \addtolength{\topmargin}{-3.35403pt}.

[40]

Package natbib Warning: Citation `Fairhurst1959EnergyDrilling' on page 41 undef
ined on input line 920.

<media/num_exp.png, id=533, 470.25688pt x 209.78375pt>
File: media/num_exp.png Graphic file (type png)
<use media/num_exp.png>
Package pdftex.def Info: media/num_exp.png  used on input line 926.
(pdftex.def)             Requested size: 423.22728pt x 188.8036pt.

Package fancyhdr Warning: \headheight is too small (12.0pt): 
(fancyhdr)                Make it at least 15.35403pt, for example:
(fancyhdr)                \setlength{\headheight}{15.35403pt}.
(fancyhdr)                You might also make \topmargin smaller to compensate:

(fancyhdr)                \addtolength{\topmargin}{-3.35403pt}.

[41 <./media/num_exp.png>]
<media/num_imp2.PNG, id=547, 388.95313pt x 378.91562pt>
File: media/num_imp2.PNG Graphic file (type png)
<use media/num_imp2.PNG>
Package pdftex.def Info: media/num_imp2.PNG  used on input line 955.
(pdftex.def)             Requested size: 388.95216pt x 378.91469pt.


Package fancyhdr Warning: \headheight is too small (12.0pt): 
(fancyhdr)                Make it at least 15.35403pt, for example:
(fancyhdr)                \setlength{\headheight}{15.35403pt}.
(fancyhdr)                You might also make \topmargin smaller to compensate:

(fancyhdr)                \addtolength{\topmargin}{-3.35403pt}.

[42]

LaTeX Warning: Reference `tab:marteau' on page 43 undefined on input line 961.


Package fancyhdr Warning: \headheight is too small (12.0pt): 
(fancyhdr)                Make it at least 15.35403pt, for example:
(fancyhdr)                \setlength{\headheight}{15.35403pt}.
(fancyhdr)                You might also make \topmargin smaller to compensate:

(fancyhdr)                \addtolength{\topmargin}{-3.35403pt}.

[43 <./media/num_imp2.PNG>]
<media/num_radieur.png, id=564, 925.056pt x 445.9059pt>
File: media/num_radieur.png Graphic file (type png)
<use media/num_radieur.png>
Package pdftex.def Info: media/num_radieur.png  used on input line 986.
(pdftex.def)             Requested size: 462.52687pt x 222.95241pt.

Overfull \hbox (35.09534pt too wide) in paragraph at lines 986--987
 [] 
 []

<media/num_vitesse.png, id=566, 581.7735pt x 549.252pt>
File: media/num_vitesse.png Graphic file (type png)
<use media/num_vitesse.png>
Package pdftex.def Info: media/num_vitesse.png  used on input line 998.
(pdftex.def)             Requested size: 290.88603pt x 274.62532pt.

Package fancyhdr Warning: \headheight is too small (12.0pt): 
(fancyhdr)                Make it at least 15.35403pt, for example:
(fancyhdr)                \setlength{\headheight}{15.35403pt}.
(fancyhdr)                You might also make \topmargin smaller to compensate:

(fancyhdr)                \addtolength{\topmargin}{-3.35403pt}.

[44 <./media/num_radieur.png>]

Package natbib Warning: Citation `Itasca2020FLAC3D6.0' on page 45 undefined on 
input line 1027.


Package fancyhdr Warning: \headheight is too small (12.0pt): 
(fancyhdr)                Make it at least 15.35403pt, for example:
(fancyhdr)                \setlength{\headheight}{15.35403pt}.
(fancyhdr)                You might also make \topmargin smaller to compensate:

(fancyhdr)                \addtolength{\topmargin}{-3.35403pt}.

[45 <./media/num_vitesse.png>]
<media/num_interface_kn.PNG, id=582, 334.24875pt x 252.44313pt>
File: media/num_interface_kn.PNG Graphic file (type png)
<use media/num_interface_kn.PNG>
Package pdftex.def Info: media/num_interface_kn.PNG  used on input line 1031.
(pdftex.def)             Requested size: 133.69713pt x 100.97545pt.


Package natbib Warning: Citation `Itasca2020FLAC3D6.0' on page 46 undefined on 
input line 1048.

<media/num_interface2.PNG, id=586, 521.95pt x 233.37187pt>
File: media/num_interface2.PNG Graphic file (type png)
<use media/num_interface2.PNG>
Package pdftex.def Info: media/num_interface2.PNG  used on input line 1052.
(pdftex.def)             Requested size: 365.3625pt x 163.35919pt.

Package fancyhdr Warning: \headheight is too small (12.0pt): 
(fancyhdr)                Make it at least 15.35403pt, for example:
(fancyhdr)                \setlength{\headheight}{15.35403pt}.
(fancyhdr)                You might also make \topmargin smaller to compensate:

(fancyhdr)                \addtolength{\topmargin}{-3.35403pt}.

[46 <./media/num_interface_kn.PNG> <./media/num_interface2.PNG>]

Package natbib Warning: Citation `MestatJean-PierrreMagnan1991LoisImpacts' on p
age 47 undefined on input line 1070.


Package natbib Warning: Citation `Ahmadi2005Thin-layerMeasurement' on page 47 u
ndefined on input line 1072.


Package fancyhdr Warning: \headheight is too small (12.0pt): 
(fancyhdr)                Make it at least 15.35403pt, for example:
(fancyhdr)                \setlength{\headheight}{15.35403pt}.
(fancyhdr)                You might also make \topmargin smaller to compensate:

(fancyhdr)                \addtolength{\topmargin}{-3.35403pt}.

[47]

Package natbib Warning: Citation `Levasseur2007AnalyseGenetiques' on page 48 un
defined on input line 1099.


Package natbib Warning: Citation `Ahmadi2005Thin-layerMeasurement' on page 48 u
ndefined on input line 1099.


Package natbib Warning: Citation `Dano2001ComportementInjectes' on page 48 unde
fined on input line 1099.


Package natbib Warning: Citation `Dupla2007ComportementReference' on page 48 un
defined on input line 1099.


Package natbib Warning: Citation `Vernay2017EtudeLiquefaction' on page 48 undef
ined on input line 1099.


Package natbib Warning: Citation `Andria-Ntoanina2011CaracterisationCentrifugeu
se' on page 48 undefined on input line 1099.

<media/num_tx_SF.PNG, id=609, 652.4375pt x 239.89626pt>
File: media/num_tx_SF.PNG Graphic file (type png)
<use media/num_tx_SF.PNG>
Package pdftex.def Info: media/num_tx_SF.PNG  used on input line 1122.
(pdftex.def)             Requested size: 456.70313pt x 167.92622pt.

Overfull \hbox (29.27159pt too wide) in paragraph at lines 1122--1123
 [] 
 []


Package fancyhdr Warning: \headheight is too small (12.0pt): 
(fancyhdr)                Make it at least 15.35403pt, for example:
(fancyhdr)                \setlength{\headheight}{15.35403pt}.
(fancyhdr)                You might also make \topmargin smaller to compensate:

(fancyhdr)                \addtolength{\topmargin}{-3.35403pt}.

[48]

Package fancyhdr Warning: \headheight is too small (12.0pt): 
(fancyhdr)                Make it at least 15.35403pt, for example:
(fancyhdr)                \setlength{\headheight}{15.35403pt}.
(fancyhdr)                You might also make \topmargin smaller to compensate:

(fancyhdr)                \addtolength{\topmargin}{-3.35403pt}.

[49 <./media/num_tx_SF.PNG>]
Chapitre 5.

Package natbib Warning: Citation `Loukidis2008AssessmentProcedure' on page 50 u
ndefined on input line 1169.

[50

]
Underfull \hbox (badness 10000) in paragraph at lines 1179--1180

 []


Underfull \hbox (badness 10000) in paragraph at lines 1192--1193

 []


Underfull \hbox (badness 10000) in paragraph at lines 1194--1195

 []


Underfull \hbox (badness 10000) in paragraph at lines 1196--1197

 []


Underfull \hbox (badness 10000) in paragraph at lines 1198--1199

 []


Package fancyhdr Warning: \headheight is too small (12.0pt): 
(fancyhdr)                Make it at least 14.49998pt, for example:
(fancyhdr)                \setlength{\headheight}{14.49998pt}.
(fancyhdr)                You might also make \topmargin smaller to compensate:

(fancyhdr)                \addtolength{\topmargin}{-2.49998pt}.

[51] (manuscript.bbl)

Package natbib Warning: There were undefined citations.


Package fancyhdr Warning: \headheight is too small (12.0pt): 
(fancyhdr)                Make it at least 14.49998pt, for example:
(fancyhdr)                \setlength{\headheight}{14.49998pt}.
(fancyhdr)                You might also make \topmargin smaller to compensate:

(fancyhdr)                \addtolength{\topmargin}{-2.49998pt}.

[52] (manuscript.aux)

LaTeX Warning: There were undefined references.


LaTeX Warning: There were multiply-defined labels.

Package rerunfilecheck Info: File `manuscript.out' has not changed.
(rerunfilecheck)             Checksum: D05740D7154922A4E109D63349EA6941;2422.
 ) 
Here is how much of TeX's memory you used:
 14691 strings out of 479618
 264224 string characters out of 2862651
 673387 words of memory out of 3000000
 31393 multiletter control sequences out of 15000+200000
 474728 words of font info for 65 fonts, out of 3000000 for 9000
 1141 hyphenation exceptions out of 8191
 71i,12n,75p,3542b,904s stack positions out of 5000i,500n,10000p,200000b,50000s
pdfTeX warning (dest): name{Hfootnote.4} has been referenced but does not exi
st, replaced by a fixed one

pdfTeX warning (dest): name{Hfootnote.3} has been referenced but does not exist
, replaced by a fixed one

pdfTeX warning (dest): name{Hfootnote.2} has been referenced but does not exist
, replaced by a fixed one

pdfTeX warning (dest): name{Hfootnote.1} has been referenced but does not exist
, replaced by a fixed one

{C:/Users/Caforestti/AppData/Local/Programs/MiKTeX/fonts/enc/dvips/lm/lm-ts1.en
c}{C:/Users/Caforestti/AppData/Local/Programs/MiKTeX/fonts/enc/dvips/lm/lm-rm.e
nc}{C:/Users/Caforestti/AppData/Local/Programs/MiKTeX/fonts/enc/dvips/lm/lm-mat
hit.enc}{C:/Users/Caforestti/AppData/Local/Programs/MiKTeX/fonts/enc/dvips/lm/l
m-mathex.enc}{C:/Users/Caforestti/AppData/Local/Programs/MiKTeX/fonts/enc/dvips
/lm/lm-ec.enc}{C:/Users/Caforestti/AppData/Local/Programs/MiKTeX/fonts/enc/dvip
s/lm/lm-mathsy.enc}<C:/Users/Caforestti/AppData/Local/Programs/MiKTeX/fonts/typ
e1/public/lm/lmbx12.pfb><C:/Users/Caforestti/AppData/Local/Programs/MiKTeX/font
s/type1/public/lm/lmbxi10.pfb><C:/Users/Caforestti/AppData/Local/Programs/MiKTe
X/fonts/type1/public/lm/lmcsc10.pfb><C:/Users/Caforestti/AppData/Local/Programs
/MiKTeX/fonts/type1/public/lm/lmex10.pfb><C:/Users/Caforestti/AppData/Local/Pro
grams/MiKTeX/fonts/type1/public/lm/lmmi12.pfb><C:/Users/Caforestti/AppData/Loca
l/Programs/MiKTeX/fonts/type1/public/lm/lmmi6.pfb><C:/Users/Caforestti/AppData/
Local/Programs/MiKTeX/fonts/type1/public/lm/lmmi8.pfb><C:/Users/Caforestti/AppD
ata/Local/Programs/MiKTeX/fonts/type1/public/lm/lmr10.pfb><C:/Users/Caforestti/
AppData/Local/Programs/MiKTeX/fonts/type1/public/lm/lmr12.pfb><C:/Users/Cafores
tti/AppData/Local/Programs/MiKTeX/fonts/type1/public/lm/lmr6.pfb><C:/Users/Cafo
restti/AppData/Local/Programs/MiKTeX/fonts/type1/public/lm/lmr8.pfb><C:/Users/C
aforestti/AppData/Local/Programs/MiKTeX/fonts/type1/public/lm/lmri12.pfb><C:/Us
ers/Caforestti/AppData/Local/Programs/MiKTeX/fonts/type1/public/lm/lmsy10.pfb><
C:/Users/Caforestti/AppData/Local/Programs/MiKTeX/fonts/type1/public/lm/lmsy8.p
fb>
Output written on manuscript.pdf (53 pages, 3616424 bytes).
PDF statistics:
 732 PDF objects out of 1000 (max. 8388607)
 169 named destinations out of 1000 (max. 500000)
 387 words of extra memory for PDF output out of 10000 (max. 10000000)

